C:\Program Files (x86)\MSBuild\Microsoft.Cpp\v4.0\V140\Microsoft.CppBuild.targets(392,5): warning MSB8028: The intermediate directory (Debug\) contains files shared from another project (ConsoleApplication1.vcxproj).  This can lead to incorrect clean and rebuild behavior.
  main.cpp
  UI.cpp
  Title.cpp
c:\users\parks\downloads\metameta\metametabolism\consoleapplication\title.cpp(27): warning C4244: '인수': 'int'에서 'float'(으)로 변환하면서 데이터가 손실될 수 있습니다.
c:\users\parks\downloads\metameta\metametabolism\consoleapplication\title.cpp(28): warning C4244: '인수': 'int'에서 'float'(으)로 변환하면서 데이터가 손실될 수 있습니다.
c:\users\parks\downloads\metameta\metametabolism\consoleapplication\title.cpp(128): warning C4018: '<': signed 또는 unsigned가 일치하지 않습니다.
c:\users\parks\downloads\metameta\metametabolism\consoleapplication\title.cpp(134): warning C4018: '<': signed 또는 unsigned가 일치하지 않습니다.
  Human.cpp
c:\users\parks\downloads\metameta\metametabolism\consoleapplication\human.cpp(158): warning C4244: '인수': 'double'에서 'const int'(으)로 변환하면서 데이터가 손실될 수 있습니다.
c:\users\parks\downloads\metameta\metametabolism\consoleapplication\human.cpp(197): warning C4244: '인수': 'double'에서 'int'(으)로 변환하면서 데이터가 손실될 수 있습니다.
c:\users\parks\downloads\metameta\metametabolism\consoleapplication\human.cpp(268): warning C4244: '인수': 'double'에서 'int'(으)로 변환하면서 데이터가 손실될 수 있습니다.
  Graph.cpp
  FadeOut.cpp
  FadeIn.cpp
  Timeline.cpp
  TextureManager.cpp
  System.cpp
  SceneManager.cpp
  Scene.cpp
  SE.cpp
c:\users\parks\downloads\metameta\metametabolism\consoleapplication\dieselengine\se.cpp(23): warning C4244: '인수': 'double'에서 'int'(으)로 변환하면서 데이터가 손실될 수 있습니다.
c:\users\parks\downloads\metameta\metametabolism\consoleapplication\dieselengine\se.cpp(58): warning C4244: '인수': 'double'에서 'int'(으)로 변환하면서 데이터가 손실될 수 있습니다.
  ResourceManager.cpp
  Resource.cpp
  Object.cpp
c:\users\parks\downloads\metameta\metametabolism\consoleapplication\dieselengine\object.cpp(48): warning C4244: '=': 'double'에서 'int'(으)로 변환하면서 데이터가 손실될 수 있습니다.
c:\users\parks\downloads\metameta\metametabolism\consoleapplication\dieselengine\object.cpp(49): warning C4244: '=': 'double'에서 'int'(으)로 변환하면서 데이터가 손실될 수 있습니다.
c:\users\parks\downloads\metameta\metametabolism\consoleapplication\dieselengine\object.cpp(56): warning C4244: '=': 'double'에서 'int'(으)로 변환하면서 데이터가 손실될 수 있습니다.
c:\users\parks\downloads\metameta\metametabolism\consoleapplication\dieselengine\object.cpp(57): warning C4244: '=': 'double'에서 'int'(으)로 변환하면서 데이터가 손실될 수 있습니다.
c:\users\parks\downloads\metameta\metametabolism\consoleapplication\dieselengine\object.cpp(58): warning C4244: '=': 'double'에서 'int'(으)로 변환하면서 데이터가 손실될 수 있습니다.
c:\users\parks\downloads\metameta\metametabolism\consoleapplication\dieselengine\object.cpp(59): warning C4244: '=': 'double'에서 'int'(으)로 변환하면서 데이터가 손실될 수 있습니다.
c:\users\parks\downloads\metameta\metametabolism\consoleapplication\dieselengine\object.cpp(63): warning C4244: '인수': 'double'에서 'Uint8'(으)로 변환하면서 데이터가 손실될 수 있습니다.
c:\users\parks\downloads\metameta\metametabolism\consoleapplication\dieselengine\object.cpp(90): warning C4244: '인수': 'double'에서 'int'(으)로 변환하면서 데이터가 손실될 수 있습니다.
c:\users\parks\downloads\metameta\metametabolism\consoleapplication\dieselengine\object.cpp(105): warning C4244: '초기화 중': 'double'에서 'int'(으)로 변환하면서 데이터가 손실될 수 있습니다.
c:\users\parks\downloads\metameta\metametabolism\consoleapplication\dieselengine\object.cpp(109): warning C4244: '=': 'double'에서 'int'(으)로 변환하면서 데이터가 손실될 수 있습니다.
c:\users\parks\downloads\metameta\metametabolism\consoleapplication\dieselengine\object.cpp(110): warning C4244: '=': 'double'에서 'int'(으)로 변환하면서 데이터가 손실될 수 있습니다.
c:\users\parks\downloads\metameta\metametabolism\consoleapplication\dieselengine\object.cpp(111): warning C4244: '=': 'double'에서 'int'(으)로 변환하면서 데이터가 손실될 수 있습니다.
  MouseInput.cpp
  MouseEvent.cpp
  Math.cpp
c:\users\parks\downloads\metameta\metametabolism\consoleapplication\dieselengine\math.cpp(36): warning C4244: '초기화 중': 'double'에서 'int'(으)로 변환하면서 데이터가 손실될 수 있습니다.
c:\users\parks\downloads\metameta\metametabolism\consoleapplication\dieselengine\math.cpp(57): warning C4244: '초기화 중': 'double'에서 'int'(으)로 변환하면서 데이터가 손실될 수 있습니다.
c:\users\parks\downloads\metameta\metametabolism\consoleapplication\dieselengine\math.cpp(76): warning C4244: '초기화 중': 'double'에서 'int'(으)로 변환하면서 데이터가 손실될 수 있습니다.
  Label.cpp
c:\users\parks\downloads\metameta\metametabolism\consoleapplication\dieselengine\label.cpp(107): warning C4244: '=': 'double'에서 'int'(으)로 변환하면서 데이터가 손실될 수 있습니다.
c:\users\parks\downloads\metameta\metametabolism\consoleapplication\dieselengine\label.cpp(108): warning C4244: '=': 'double'에서 'int'(으)로 변환하면서 데이터가 손실될 수 있습니다.
c:\users\parks\downloads\metameta\metametabolism\consoleapplication\dieselengine\label.cpp(115): warning C4244: '=': 'double'에서 'int'(으)로 변환하면서 데이터가 손실될 수 있습니다.
c:\users\parks\downloads\metameta\metametabolism\consoleapplication\dieselengine\label.cpp(116): warning C4244: '=': 'double'에서 'int'(으)로 변환하면서 데이터가 손실될 수 있습니다.
c:\users\parks\downloads\metameta\metametabolism\consoleapplication\dieselengine\label.cpp(117): warning C4244: '=': 'double'에서 'int'(으)로 변환하면서 데이터가 손실될 수 있습니다.
c:\users\parks\downloads\metameta\metametabolism\consoleapplication\dieselengine\label.cpp(118): warning C4244: '=': 'double'에서 'int'(으)로 변환하면서 데이터가 손실될 수 있습니다.
c:\users\parks\downloads\metameta\metametabolism\consoleapplication\dieselengine\label.cpp(122): warning C4244: '인수': 'double'에서 'Uint8'(으)로 변환하면서 데이터가 손실될 수 있습니다.
c:\users\parks\downloads\metameta\metametabolism\consoleapplication\dieselengine\label.cpp(140): warning C4018: '<': signed 또는 unsigned가 일치하지 않습니다.
  코드를 생성하고 있습니다...
c:\users\parks\downloads\metameta\metametabolism\consoleapplication\dieselengine\label.cpp(28): warning C4172: 지역 변수 또는 임시: size의 주소를 반환하고 있습니다.
  컴파일하고 있습니다...
  KeyboardInput.cpp
  KeyboardEvent.cpp
c:\users\parks\downloads\metameta\metametabolism\consoleapplication\dieselengine\keyboardevent.cpp(50): warning C4018: '>=': signed 또는 unsigned가 일치하지 않습니다.
  FontManager.cpp
  Engine.cpp
c:\users\parks\downloads\metameta\metametabolism\consoleapplication\dieselengine\engine.cpp(135): warning C4244: '+=': 'double'에서 'unsigned long'(으)로 변환하면서 데이터가 손실될 수 있습니다.
  Collider.cpp
  Clickable.cpp
  Camera.cpp
c:\users\parks\downloads\metameta\metametabolism\consoleapplication\dieselengine\camera.cpp(21): warning C4244: '=': 'double'에서 'int'(으)로 변환하면서 데이터가 손실될 수 있습니다.
c:\users\parks\downloads\metameta\metametabolism\consoleapplication\dieselengine\camera.cpp(22): warning C4244: '=': 'double'에서 'int'(으)로 변환하면서 데이터가 손실될 수 있습니다.
c:\users\parks\downloads\metameta\metametabolism\consoleapplication\dieselengine\camera.cpp(24): warning C4244: '=': 'double'에서 'int'(으)로 변환하면서 데이터가 손실될 수 있습니다.
c:\users\parks\downloads\metameta\metametabolism\consoleapplication\dieselengine\camera.cpp(25): warning C4244: '=': 'double'에서 'int'(으)로 변환하면서 데이터가 손실될 수 있습니다.
c:\users\parks\downloads\metameta\metametabolism\consoleapplication\dieselengine\camera.cpp(26): warning C4244: '=': 'double'에서 'int'(으)로 변환하면서 데이터가 손실될 수 있습니다.
c:\users\parks\downloads\metameta\metametabolism\consoleapplication\dieselengine\camera.cpp(27): warning C4244: '=': 'double'에서 'int'(으)로 변환하면서 데이터가 손실될 수 있습니다.
  BGM.cpp
c:\users\parks\downloads\metameta\metametabolism\consoleapplication\dieselengine\bgm.cpp(27): warning C4244: '인수': 'double'에서 'int'(으)로 변환하면서 데이터가 손실될 수 있습니다.
c:\users\parks\downloads\metameta\metametabolism\consoleapplication\dieselengine\bgm.cpp(66): warning C4244: '인수': 'double'에서 'int'(으)로 변환하면서 데이터가 손실될 수 있습니다.
c:\users\parks\downloads\metameta\metametabolism\consoleapplication\dieselengine\bgm.cpp(80): warning C4244: '인수': 'double'에서 'int'(으)로 변환하면서 데이터가 손실될 수 있습니다.
c:\users\parks\downloads\metameta\metametabolism\consoleapplication\dieselengine\bgm.cpp(96): warning C4244: '인수': 'double'에서 'int'(으)로 변환하면서 데이터가 손실될 수 있습니다.
  AudioEngine.cpp
  AnimationManager.cpp
c:\users\parks\downloads\metameta\metametabolism\consoleapplication\dieselengine\animationmanager.cpp(128): warning C4244: '=': 'double'에서 'int'(으)로 변환하면서 데이터가 손실될 수 있습니다.
c:\users\parks\downloads\metameta\metametabolism\consoleapplication\dieselengine\animationmanager.cpp(129): warning C4244: '=': 'double'에서 'int'(으)로 변환하면서 데이터가 손실될 수 있습니다.
c:\users\parks\downloads\metameta\metametabolism\consoleapplication\dieselengine\animationmanager.cpp(136): warning C4244: '=': 'double'에서 'int'(으)로 변환하면서 데이터가 손실될 수 있습니다.
c:\users\parks\downloads\metameta\metametabolism\consoleapplication\dieselengine\animationmanager.cpp(137): warning C4244: '=': 'double'에서 'int'(으)로 변환하면서 데이터가 손실될 수 있습니다.
c:\users\parks\downloads\metameta\metametabolism\consoleapplication\dieselengine\animationmanager.cpp(138): warning C4244: '=': 'double'에서 'int'(으)로 변환하면서 데이터가 손실될 수 있습니다.
c:\users\parks\downloads\metameta\metametabolism\consoleapplication\dieselengine\animationmanager.cpp(139): warning C4244: '=': 'double'에서 'int'(으)로 변환하면서 데이터가 손실될 수 있습니다.
c:\users\parks\downloads\metameta\metametabolism\consoleapplication\dieselengine\animationmanager.cpp(143): warning C4244: '인수': 'double'에서 'Uint8'(으)로 변환하면서 데이터가 손실될 수 있습니다.
  Background.cpp
  코드를 생성하고 있습니다...
c:\users\parks\downloads\metameta\metametabolism\consoleapplication\dieselengine\collider.cpp(132): warning C4715: 'Collider::CollisionToRectangle': 모든 제어 경로에서 값을 반환하지는 않습니다.
c:\users\parks\downloads\metameta\metametabolism\consoleapplication\dieselengine\collider.cpp(146): warning C4715: 'Collider::CollisionToCircle': 모든 제어 경로에서 값을 반환하지는 않습니다.
  MetaMetabolism.vcxproj -> C:\Users\parks\Downloads\metameta\metametabolism\Debug\MetaMetabolism.exe
  MetaMetabolism.vcxproj -> C:\Users\parks\Downloads\metameta\metametabolism\Debug\MetaMetabolism.pdb (Full PDB)
